[2025-03-30 12:50:00.142] [INFO] Resolution: 1366 x 720 px
[2025-03-30 13:07:13.341] [INFO] Resolution: 1366 x 720 px
[2025-03-30 13:08:43.651] [INFO] Resolution: 1366 x 720 px
[2025-04-03 17:40:16.944] [INFO] Resolution: 1366 x 720 px
[2025-04-04 11:57:47.526] [INFO] Resolution: 1366 x 720 px
[2025-04-04 12:03:40.824] [INFO] Resolution: 1366 x 720 px
[2025-04-04 12:10:22.752] [INFO] Resolution: 1366 x 720 px
[2025-04-05 11:33:04.107] [INFO] Resolution: 1366 x 720 px
[2025-04-05 11:49:15.584] [INFO] Resolution: 1366 x 720 px
[2025-04-05 11:53:59.613] [INFO] Resolution: 1366 x 720 px
[2025-04-05 12:56:46.741] [INFO] Resolution: 1366 x 720 px
[2025-04-05 13:00:02.715] [INFO] Resolution: 1366 x 720 px
[2025-04-05 13:00:20.471] [INFO] Resolution: 1366 x 720 px
[2025-04-05 13:01:00.575] [INFO] Resolution: 1366 x 720 px
[2025-04-05 13:02:40.962] [INFO] Resolution: 1366 x 720 px
[2025-04-05 13:02:43.959] [ERROR] 
/K:/Project/Del%20Luna%20Hotel%20App/DelLunaHotelApp/bin/auth/SignIn.fxml:30

[2025-04-05 13:03:09.846] [INFO] Resolution: 1366 x 720 px
[2025-04-05 13:03:12.427] [ERROR] 
/K:/Project/Del%20Luna%20Hotel%20App/DelLunaHotelApp/bin/auth/SignIn.fxml:30

[2025-04-05 13:03:49.309] [INFO] Resolution: 1366 x 720 px
[2025-04-05 13:03:52.122] [ERROR] [Ljava.lang.StackTraceElement;@4f6db84a
[2025-04-05 13:07:03.757] [INFO] Resolution: 1366 x 720 px
[2025-04-05 13:07:06.206] [ERROR] [Ljava.lang.StackTraceElement;@4f6db84a
[2025-04-05 13:07:48.071] [INFO] Resolution: 1366 x 720 px
[2025-04-05 13:08:06.048] [INFO] Resolution: 1366 x 720 px
[2025-04-05 13:09:00.278] [INFO] Resolution: 1366 x 720 px
[2025-04-05 13:09:44.776] [INFO] Resolution: 1366 x 720 px
[2025-04-05 13:10:58.168] [INFO] Resolution: 1366 x 720 px
[2025-04-05 13:12:26.156] [INFO] Resolution: 1366 x 720 px
[2025-04-05 13:16:21.342] [INFO] Resolution: 1366 x 720 px
[2025-04-05 13:17:28.267] [INFO] Resolution: 1366 x 720 px
[2025-04-05 13:52:35.822] [INFO] Resolution: 1366 x 720 px
[2025-04-05 13:56:07.686] [INFO] Resolution: 1366 x 720 px
[2025-04-05 13:56:49.840] [INFO] Resolution: 1366 x 720 px
[2025-04-05 13:59:36.717] [INFO] Resolution: 1366 x 720 px
[2025-04-05 13:59:57.211] [INFO] Resolution: 1366 x 720 px
[2025-04-05 14:00:18.886] [INFO] Resolution: 1366 x 720 px
[2025-04-05 14:26:42.508] [INFO] Resolution: 1366 x 720 px
[2025-04-05 14:35:55.897] [INFO] Resolution: 1366 x 720 px
[2025-04-05 14:39:10.761] [INFO] Resolution: 1366 x 720 px
[2025-04-05 14:50:27.776] [INFO] Resolution: 1366 x 720 px
[2025-04-07 11:49:46.993] [INFO] Resolution: 1366 x 720 px
[2025-04-07 13:14:26.513] [INFO] Resolution: 1366 x 720 px
[2025-04-07 13:17:16.659] [INFO] Resolution: 1366 x 720 px
[2025-04-07 23:25:21.262] [INFO] Resolution: 1366 x 720 px
[2025-04-08 00:36:22.224] [INFO] Resolution: 1366 x 720 px
[2025-04-08 19:51:03.423] [INFO] Resolution: 1366 x 720 px
[2025-04-08 19:55:49.549] [INFO] Resolution: 1366 x 720 px
[2025-04-08 21:31:46.945] [INFO] Resolution: 1366 x 720 px
[2025-04-08 21:35:10.086] [INFO] Resolution: 1366 x 720 px
[2025-04-08 21:53:25.524] [INFO] Resolution: 1366 x 720 px
[2025-04-08 21:53:53.008] [INFO] Resolution: 1366 x 720 px
[2025-04-08 21:57:00.938] [INFO] Resolution: 1366 x 720 px
[2025-04-08 22:03:00.533] [INFO] Resolution: 1366 x 720 px
[2025-04-08 22:03:17.352] [INFO] Resolution: 1366 x 720 px
[2025-04-08 22:04:46.820] [INFO] Resolution: 1366 x 720 px
[2025-04-08 22:05:17.375] [ERROR] Invalid guest data format
[2025-04-08 22:05:44.001] [INFO] Resolution: 1366 x 720 px
[2025-04-08 22:06:08.835] [ERROR] [Ljava.lang.StackTraceElement;@3c8e89d3
[2025-04-08 22:35:32.079] [INFO] Resolution: 1366 x 720 px
[2025-04-08 22:38:36.195] [INFO] Resolution: 1366 x 720 px
[2025-04-08 22:40:08.878] [INFO] Resolution: 1366 x 720 px
[2025-04-08 22:44:25.952] [INFO] Resolution: 1366 x 720 px
[2025-04-08 22:45:05.518] [INFO] Resolution: 1366 x 720 px
[2025-04-08 22:45:53.605] [INFO] Resolution: 1366 x 720 px
[2025-04-08 22:47:06.742] [INFO] Resolution: 1366 x 720 px
[2025-04-08 23:54:05.073] [INFO] Resolution: 1366 x 720 px
[2025-04-08 23:54:17.935] [INFO] Resolution: 1366 x 720 px
[2025-04-08 23:56:50.943] [INFO] Resolution: 1366 x 720 px
[2025-04-08 23:58:51.450] [INFO] Resolution: 1366 x 720 px
[2025-04-09 00:00:17.563] [INFO] Resolution: 1366 x 720 px
[2025-04-09 00:00:54.480] [INFO] Resolution: 1366 x 720 px
[2025-04-09 00:17:21.210] [INFO] Resolution: 1366 x 720 px
[2025-04-09 00:20:12.508] [INFO] Resolution: 1366 x 720 px
[2025-04-09 00:21:18.909] [INFO] Resolution: 1366 x 720 px
[2025-04-09 00:21:34.561] [INFO] Resolution: 1366 x 720 px
[2025-04-09 00:23:07.401] [INFO] Resolution: 1366 x 720 px
[2025-04-09 00:24:37.209] [INFO] Resolution: 1366 x 720 px
[2025-04-09 00:25:59.440] [INFO] Resolution: 1366 x 720 px
[2025-04-09 00:28:36.065] [INFO] Resolution: 1366 x 720 px
[2025-04-09 00:31:44.059] [INFO] Resolution: 1366 x 720 px
[2025-04-09 00:33:05.500] [INFO] Resolution: 1366 x 720 px
[2025-04-09 00:34:16.992] [INFO] Resolution: 1366 x 720 px
[2025-04-09 00:35:07.759] [INFO] Resolution: 1366 x 720 px
[2025-04-09 00:38:35.120] [INFO] Resolution: 1366 x 720 px
[2025-04-11 15:39:00.694] [INFO] Resolution: 1366 x 720 px
[2025-04-12 12:43:37.823] [INFO] Resolution: 1366 x 720 px
[2025-04-12 12:44:54.298] [INFO] Resolution: 1366 x 720 px
[2025-04-12 12:46:08.732] [INFO] Resolution: 1366 x 720 px
[2025-04-12 12:46:24.477] [INFO] Resolution: 1366 x 720 px
